My project/Library/Bee/Android/Prj/IL2CPP/Gradle/unityLibrary/build/intermediates/manifest_merge_blame_file/release/processReleaseManifest/manifest-merger-blame-release-report.txt
1<?xml version="1.0" encoding="utf-8"?>
2<manifest xmlns:android="http://schemas.android.com/apk/res/android"
3    xmlns:tools="http://schemas.android.com/tools"
4    package="com.unity3d.player" >
5
6    <uses-sdk android:minSdkVersion="23" />
7
8    <uses-permission android:name="android.permission.INTERNET" />
8-->src/main/AndroidManifest.xml:3:3-65
8-->src/main/AndroidManifest.xml:3:20-62
9
10    <uses-feature android:glEsVersion="0x00030000" />
10-->src/main/AndroidManifest.xml:4:3-52
10-->src/main/AndroidManifest.xml:4:17-49
11    <uses-feature
11-->src/main/AndroidManifest.xml:5:3-91
12        android:name="android.hardware.vulkan.version"
12-->src/main/AndroidManifest.xml:5:17-63
13        android:required="false" />
13-->src/main/AndroidManifest.xml:5:64-88
14    <uses-feature
14-->src/main/AndroidManifest.xml:6:3-88
15        android:name="android.hardware.touchscreen"
15-->src/main/AndroidManifest.xml:6:17-60
16        android:required="false" />
16-->src/main/AndroidManifest.xml:6:61-85
17    <uses-feature
17-->src/main/AndroidManifest.xml:7:3-99
18        android:name="android.hardware.touchscreen.multitouch"
18-->src/main/AndroidManifest.xml:7:17-71
19        android:required="false" />
19-->src/main/AndroidManifest.xml:7:72-96
20    <uses-feature
20-->src/main/AndroidManifest.xml:8:3-108
21        android:name="android.hardware.touchscreen.multitouch.distinct"
21-->src/main/AndroidManifest.xml:8:17-80
22        android:required="false" />
22-->src/main/AndroidManifest.xml:8:81-105
23
24    <application
24-->src/main/AndroidManifest.xml:9:3-30:17
25        android:enableOnBackInvokedCallback="false"
25-->src/main/AndroidManifest.xml:9:16-59
26        android:extractNativeLibs="true" >
26-->src/main/AndroidManifest.xml:9:60-92
27        <meta-data
27-->src/main/AndroidManifest.xml:10:5-69
28            android:name="unity.splash-mode"
28-->src/main/AndroidManifest.xml:10:16-48
29            android:value="0" />
29-->src/main/AndroidManifest.xml:10:49-66
30        <meta-data
30-->src/main/AndroidManifest.xml:11:5-74
31            android:name="unity.splash-enable"
31-->src/main/AndroidManifest.xml:11:16-50
32            android:value="True" />
32-->src/main/AndroidManifest.xml:11:51-71
33        <meta-data
33-->src/main/AndroidManifest.xml:12:5-78
34            android:name="unity.launch-fullscreen"
34-->src/main/AndroidManifest.xml:12:16-54
35            android:value="True" />
35-->src/main/AndroidManifest.xml:12:55-75
36        <meta-data
36-->src/main/AndroidManifest.xml:13:5-84
37            android:name="unity.render-outside-safearea"
37-->src/main/AndroidManifest.xml:13:16-60
38            android:value="True" />
38-->src/main/AndroidManifest.xml:13:61-81
39        <meta-data
39-->src/main/AndroidManifest.xml:14:5-81
40            android:name="notch.config"
40-->src/main/AndroidManifest.xml:14:16-43
41            android:value="portrait|landscape" />
41-->src/main/AndroidManifest.xml:14:44-78
42        <meta-data
42-->src/main/AndroidManifest.xml:15:5-84
43            android:name="unity.auto-report-fully-drawn"
43-->src/main/AndroidManifest.xml:15:16-60
44            android:value="true" />
44-->src/main/AndroidManifest.xml:15:61-81
45        <meta-data
45-->src/main/AndroidManifest.xml:16:5-80
46            android:name="unity.auto-set-game-state"
46-->src/main/AndroidManifest.xml:16:16-56
47            android:value="true" />
47-->src/main/AndroidManifest.xml:16:57-77
48        <meta-data
48-->src/main/AndroidManifest.xml:17:5-78
49            android:name="unity.strip-engine-code"
49-->src/main/AndroidManifest.xml:17:16-54
50            android:value="true" />
50-->src/main/AndroidManifest.xml:17:55-75
51
52        <activity
52-->src/main/AndroidManifest.xml:18:5-29:16
53            android:name="com.unity3d.player.UnityPlayerGameActivity"
53-->src/main/AndroidManifest.xml:18:312-369
54            android:configChanges="mcc|mnc|locale|touchscreen|keyboard|keyboardHidden|navigation|orientation|screenLayout|uiMode|screenSize|smallestScreenSize|fontScale|layoutDirection|density"
54-->src/main/AndroidManifest.xml:18:15-196
55            android:enabled="true"
55-->src/main/AndroidManifest.xml:18:197-219
56            android:exported="true"
56-->src/main/AndroidManifest.xml:18:220-243
57            android:hardwareAccelerated="false"
57-->src/main/AndroidManifest.xml:18:244-279
58            android:launchMode="singleTask"
58-->src/main/AndroidManifest.xml:18:280-311
59            android:resizeableActivity="true"
59-->src/main/AndroidManifest.xml:18:370-403
60            android:screenOrientation="fullUser"
60-->src/main/AndroidManifest.xml:18:404-440
61            android:theme="@style/BaseUnityGameActivityTheme" >
61-->src/main/AndroidManifest.xml:18:441-490
62            <intent-filter>
62-->src/main/AndroidManifest.xml:19:7-22:23
63                <category android:name="android.intent.category.LAUNCHER" />
63-->src/main/AndroidManifest.xml:20:9-69
63-->src/main/AndroidManifest.xml:20:19-66
64
65                <action android:name="android.intent.action.MAIN" />
65-->src/main/AndroidManifest.xml:21:9-61
65-->src/main/AndroidManifest.xml:21:17-58
66            </intent-filter>
67
68            <meta-data
68-->src/main/AndroidManifest.xml:23:7-82
69                android:name="unityplayer.UnityActivity"
69-->src/main/AndroidManifest.xml:23:18-58
70                android:value="true" />
70-->src/main/AndroidManifest.xml:23:59-79
71            <meta-data
71-->src/main/AndroidManifest.xml:24:7-77
72                android:name="android.app.lib_name"
72-->src/main/AndroidManifest.xml:24:18-53
73                android:value="game" />
73-->src/main/AndroidManifest.xml:24:54-74
74            <meta-data
74-->src/main/AndroidManifest.xml:25:7-130
75                android:name="WindowManagerPreference:FreeformWindowSize"
75-->src/main/AndroidManifest.xml:25:18-75
76                android:value="@string/FreeformWindowSize_maximize" />
76-->src/main/AndroidManifest.xml:25:76-127
77            <meta-data
77-->src/main/AndroidManifest.xml:26:7-145
78                android:name="WindowManagerPreference:FreeformWindowOrientation"
78-->src/main/AndroidManifest.xml:26:18-82
79                android:value="@string/FreeformWindowOrientation_landscape" />
79-->src/main/AndroidManifest.xml:26:83-142
80            <meta-data
80-->src/main/AndroidManifest.xml:27:7-70
81                android:name="notch_support"
81-->src/main/AndroidManifest.xml:27:18-46
82                android:value="true" />
82-->src/main/AndroidManifest.xml:27:47-67
83
84            <layout
84-->src/main/AndroidManifest.xml:28:7-68
85                android:minHeight="300px"
85-->src/main/AndroidManifest.xml:28:15-40
86                android:minWidth="400px" />
86-->src/main/AndroidManifest.xml:28:41-65
87        </activity>
88    </application>
89
90</manifest>